INT_T
IDENT(a)
ASSIGN
CONS_N(10)
SEMICOLON
FLOAT_T
IDENT(b)
ASSIGN
CONS_F(3.140000)
SEMICOLON
BOOL_T
IDENT(flag)
ASSIGN
CONS_B(true)
SEMICOLON
VECTOR_N_T
IDENT(v1)
ASSIGN
CONS_VN(3 [1, 2, 3])
SEMICOLON
VECTOR_F_T
IDENT(v2)
ASSIGN
CONS_VF(3 [1.1, 2.2, 3.3])
SEMICOLON
MATRIX_N_T
IDENT(m1)
ASSIGN
CONS_MN(2 3 [[1, 2, 3], [4, 5, 6]])
SEMICOLON
MATRIX_F_T
IDENT(m2)
ASSIGN
CONS_MF(3 2 [[1.5, 2.5], [3.5, 4.5], [5.5, 6.5]])
SEMICOLON
IF
LPAREN
IDENT(a)
GT
CONS_N(5)
AND
IDENT(flag)
RPAREN
LBRACE
IDENT(b)
ASSIGN
IDENT(b)
MUL
CONS_F(2.000000)
SEMICOLON
PRINT
LPAREN
IDENT(b)
RPAREN
SEMICOLON
RBRACE
ELSE
LBRACE
IDENT(a)
ASSIGN
IDENT(a)
SUB
CONS_N(1)
SEMICOLON
PRINT
LPAREN
IDENT(a)
RPAREN
SEMICOLON
RBRACE
WHILE
LPAREN
IDENT(a)
GT
CONS_N(0)
RPAREN
LBRACE
IDENT(a)
ASSIGN
IDENT(a)
SUB
CONS_N(1)
SEMICOLON
PRINT
LPAREN
IDENT(a)
RPAREN
SEMICOLON
RBRACE
FOR
LPAREN
IDENT(i)
ASSIGN
CONS_N(0)
SEMICOLON
IDENT(i)
LT
CONS_N(5)
SEMICOLON
IDENT(i)
ASSIGN
IDENT(i)
ADD
CONS_N(1)
RPAREN
LBRACE
IDENT(v1)
ASSIGN
ADD_VEC
LPAREN
IDENT(v1)
COMMA
CONS_VN(3 [1, 1, 1])
RPAREN
SEMICOLON
PRINT
LPAREN
IDENT(v1)
RPAREN
SEMICOLON
RBRACE
IDENT(m1)
ASSIGN
ADD_MAT
LPAREN
IDENT(m1)
COMMA
CONS_MN(2 3 [[1, 1, 1], [1, 1, 1]])
RPAREN
SEMICOLON
PRINT
LPAREN
IDENT(m1)
RPAREN
SEMICOLON
RETURN
CONS_N(0)
SEMICOLON
