INT_T
IDENT(x)
ASSIGN
CONS_N(42)
SEMICOLON
INT_T
IDENT(y)
ASSIGN
CONS_N(-20)
SEMICOLON
BOOL_T
IDENT(status)
ASSIGN
CONS_B(false)
SEMICOLON
VECTOR_N_T
IDENT(v1)
ASSIGN
CONS_VN(4 [10, 20, 30, 40])
SEMICOLON
VECTOR_F_T
IDENT(v2)
ASSIGN
CONS_VF(4 [1.1, 2.2, 3.3, 4.4])
SEMICOLON
MATRIX_N_T
IDENT(m1)
ASSIGN
CONS_MN(3 2 [[1, 2], [3, 4], [5, 6]])
SEMICOLON
MATRIX_F_T
IDENT(m2)
ASSIGN
CONS_MF(2 3 [[0.1, 0.2, 0.3], [0.4, 0.5, 0.6]])
SEMICOLON
IF
LPAREN
IDENT(x)
GT
CONS_N(0)
AND
IDENT(y)
LT
CONS_N(3)
RPAREN
LBRACE
IDENT(x)
ASSIGN
IDENT(x)
DIV
CONS_N(2)
SEMICOLON
IDENT(y)
ASSIGN
IDENT(y)
ADD
CONS_N(2)
SEMICOLON
RBRACE
ELSE_IF
LPAREN
IDENT(x)
LT
CONS_N(0)
OR
IDENT(status)
RPAREN
LBRACE
IDENT(x)
ASSIGN
IDENT(x)
MUL
CONS_N(-1)
SEMICOLON
IDENT(status)
ASSIGN
CONS_B(true)
SEMICOLON
RBRACE
ELSE_IF
LBRACE
IDENT(x)
ASSIGN
CONS_N(0)
SEMICOLON
PRINT
LPAREN
IDENT(x)
RPAREN
SEMICOLON
RBRACE
WHILE
LPAREN
IDENT(x)
GT
CONS_N(1)
RPAREN
LBRACE
IDENT(x)
ASSIGN
IDENT(x)
SUB
CONS_N(1)
SEMICOLON
IF
LPAREN
IDENT(x)
MODULO
CONS_N(2)
EQ
CONS_N(0)
RPAREN
LBRACE
PRINT
LPAREN
IDENT(x)
RPAREN
SEMICOLON
RBRACE
ELSE
LBRACE
PRINT
LPAREN
IDENT(x)
RPAREN
SEMICOLON
RBRACE
RBRACE
FOR
LPAREN
IDENT(i)
ASSIGN
CONS_N(1)
SEMICOLON
IDENT(i)
LE
CONS_N(4)
SEMICOLON
IDENT(i)
ASSIGN
IDENT(i)
ADD
CONS_N(1)
RPAREN
LBRACE
IDENT(v1)
ASSIGN
SCAL_VEC
LPAREN
IDENT(v1)
COMMA
CONS_N(2)
RPAREN
SEMICOLON
IDENT(v2)
ASSIGN
ADD_VEC
LPAREN
IDENT(v2)
COMMA
CONS_VF(4 [0.1, 0.1, 0.1, 0.1])
RPAREN
SEMICOLON
RBRACE
IDENT(m1)
ASSIGN
TRP_MAT
LPAREN
IDENT(m1)
RPAREN
SEMICOLON
IDENT(m2)
ASSIGN
MAT_MUL_MAT
LPAREN
IDENT(m1)
COMMA
IDENT(m2)
RPAREN
SEMICOLON
PRINT
LPAREN
IDENT(m1)
RPAREN
SEMICOLON
PRINT
LPAREN
IDENT(m2)
RPAREN
SEMICOLON
RETURN
CONS_N(1)
SEMICOLON
