VECTOR_N_T
IDENT(v1)
ASSIGN
CONS_VN(3 [1, 2, 3])
SEMICOLON
VECTOR_N_T
IDENT(v2)
ASSIGN
CONS_VN(3 [4, 5, 6])
SEMICOLON
VECTOR_N_T
IDENT(v_add)
ASSIGN
ADD_VEC
LPAREN
IDENT(v1)
COMMA
IDENT(v2)
RPAREN
SEMICOLON
VECTOR_N_T
IDENT(v_scal)
ASSIGN
SCAL_VEC
LPAREN
CONS_N(2)
COMMA
IDENT(v1)
RPAREN
SEMICOLON
INT_T
IDENT(v_dot)
ASSIGN
DOT_PROD
LPAREN
IDENT(v1)
COMMA
IDENT(v2)
RPAREN
SEMICOLON
INT_T
IDENT(v_dim)
ASSIGN
DIM_VEC
LPAREN
IDENT(v1)
RPAREN
SEMICOLON
PRINT
LPAREN
IDENT(v_add)
RPAREN
SEMICOLON
PRINT
LPAREN
IDENT(v_scal)
RPAREN
SEMICOLON
PRINT
LPAREN
IDENT(v_dot)
RPAREN
SEMICOLON
PRINT
LPAREN
IDENT(v_dim)
RPAREN
SEMICOLON
VECTOR_F_T
IDENT(u1)
ASSIGN
CONS_VF(3 [1., 2.5, -3.])
SEMICOLON
VECTOR_F_T
IDENT(u2)
ASSIGN
CONS_VF(3 [-1., 4.5, 2.])
SEMICOLON
VECTOR_F_T
IDENT(u_add)
ASSIGN
ADD_VEC
LPAREN
IDENT(u1)
COMMA
IDENT(u2)
RPAREN
SEMICOLON
VECTOR_F_T
IDENT(u_scal)
ASSIGN
SCAL_VEC
LPAREN
CONS_F(0.500000)
COMMA
IDENT(u1)
RPAREN
SEMICOLON
FLOAT_T
IDENT(u_dot)
ASSIGN
DOT_PROD
LPAREN
IDENT(u1)
COMMA
IDENT(u2)
RPAREN
SEMICOLON
FLOAT_T
IDENT(u_mag)
ASSIGN
MAG_VEC
LPAREN
IDENT(u1)
RPAREN
SEMICOLON
PRINT
LPAREN
IDENT(u_add)
RPAREN
SEMICOLON
PRINT
LPAREN
IDENT(u_scal)
RPAREN
SEMICOLON
PRINT
LPAREN
IDENT(u_dot)
RPAREN
SEMICOLON
PRINT
LPAREN
IDENT(u_mag)
RPAREN
SEMICOLON
