PRINT
LPAREN
CONS_B(true)
RPAREN
SEMICOLON
VECTOR_N_T
IDENT(vn1)
ASSIGN
CONS_VN(3 [1, 2, 3])
SEMICOLON
VECTOR_N_T
IDENT(vn2)
ASSIGN
CONS_VN(3 [4, 5, 6])
SEMICOLON
VECTOR_N_T
IDENT(sum_vn)
ASSIGN
IDENT(vn1)
ADD_VEC
IDENT(vn2)
SEMICOLON
INT_T
IDENT(dot_vn)
ASSIGN
IDENT(vn1)
DOT_PROD
IDENT(vn2)
SEMICOLON
FLOAT_T
IDENT(mag_vn)
ASSIGN
MAG_VEC
IDENT(vn1)
SEMICOLON
FLOAT_T
IDENT(ang_vn)
ASSIGN
IDENT(vn1)
ANGLE_VEC
IDENT(vn2)
SEMICOLON
VECTOR_N_T
IDENT(scal_vn1)
ASSIGN
CONS_N(2)
SCAL_VEC
IDENT(vn1)
SEMICOLON
VECTOR_N_T
IDENT(scal_vn2)
ASSIGN
CONS_N(3)
SCAL_VEC
IDENT(vn2)
SEMICOLON
PRINT
LPAREN
IDENT(sum_vn)
RPAREN
SEMICOLON
PRINT
LPAREN
IDENT(dot_vn)
RPAREN
SEMICOLON
PRINT
LPAREN
IDENT(mag_vn)
RPAREN
SEMICOLON
PRINT
LPAREN
IDENT(ang_vn)
RPAREN
SEMICOLON
PRINT
LPAREN
IDENT(scal_vn1)
RPAREN
SEMICOLON
PRINT
LPAREN
IDENT(scal_vn2)
RPAREN
SEMICOLON
PRINT
LPAREN
CONS_B(true)
RPAREN
SEMICOLON
VECTOR_F_T
IDENT(vf1)
ASSIGN
CONS_VF(3 [1.5, 2.5, 3.5])
SEMICOLON
VECTOR_F_T
IDENT(vf2)
ASSIGN
CONS_VF(3 [4., 5., 6.])
SEMICOLON
VECTOR_F_T
IDENT(sum_vf)
ASSIGN
IDENT(vf1)
ADD_VEC
IDENT(vf2)
SEMICOLON
FLOAT_T
IDENT(dot_vf)
ASSIGN
IDENT(vf1)
DOT_PROD
IDENT(vf2)
SEMICOLON
FLOAT_T
IDENT(mag_vf)
ASSIGN
MAG_VEC
IDENT(vf1)
SEMICOLON
FLOAT_T
IDENT(ang_vf)
ASSIGN
IDENT(vf1)
ANGLE_VEC
IDENT(vf2)
SEMICOLON
VECTOR_F_T
IDENT(scal_vf1)
ASSIGN
CONS_F(2.500000)
SCAL_VEC
IDENT(vf1)
SEMICOLON
VECTOR_F_T
IDENT(scal_vf2)
ASSIGN
CONS_F(1.500000)
SCAL_VEC
IDENT(vf2)
SEMICOLON
PRINT
LPAREN
IDENT(sum_vf)
RPAREN
SEMICOLON
PRINT
LPAREN
IDENT(dot_vf)
RPAREN
SEMICOLON
PRINT
LPAREN
IDENT(mag_vf)
RPAREN
SEMICOLON
PRINT
LPAREN
IDENT(ang_vf)
RPAREN
SEMICOLON
PRINT
LPAREN
IDENT(scal_vf1)
RPAREN
SEMICOLON
PRINT
LPAREN
IDENT(scal_vf2)
RPAREN
SEMICOLON
PRINT
LPAREN
CONS_B(true)
RPAREN
SEMICOLON
VECTOR_F_T
IDENT(prom1)
ASSIGN
IDENT(vn1)
ADD_VEC
IDENT(vf1)
SEMICOLON
VECTOR_F_T
IDENT(prom2)
ASSIGN
CONS_N(2)
SCAL_VEC
IDENT(vf1)
SEMICOLON
VECTOR_F_T
IDENT(prom3)
ASSIGN
CONS_F(2.500000)
SCAL_VEC
IDENT(vn1)
SEMICOLON
INT_T
IDENT(dim_vn)
ASSIGN
DIM_VEC
IDENT(vn1)
SEMICOLON
INT_T
IDENT(dim_vf)
ASSIGN
DIM_VEC
IDENT(vf1)
SEMICOLON
IDENT(dot_vf)
ASSIGN
IDENT(vf1)
DOT_PROD
IDENT(vn1)
SEMICOLON
INT_T
IDENT(dim_prom)
ASSIGN
DIM_VEC
IDENT(prom1)
SEMICOLON
PRINT
LPAREN
IDENT(prom1)
RPAREN
SEMICOLON
PRINT
LPAREN
IDENT(prom2)
RPAREN
SEMICOLON
PRINT
LPAREN
IDENT(prom3)
RPAREN
SEMICOLON
PRINT
LPAREN
IDENT(dim_vn)
RPAREN
SEMICOLON
PRINT
LPAREN
IDENT(dim_vf)
RPAREN
SEMICOLON
PRINT
LPAREN
IDENT(dot_vf)
RPAREN
SEMICOLON
PRINT
LPAREN
IDENT(dim_prom)
RPAREN
SEMICOLON
PRINT
LPAREN
CONS_B(true)
RPAREN
SEMICOLON
VECTOR_N_T
IDENT(zero_vn)
ASSIGN
CONS_VN(3 [0, 0, 0])
SEMICOLON
VECTOR_F_T
IDENT(zero_vf)
ASSIGN
CONS_VF(3 [0., 0., 0.])
SEMICOLON
VECTOR_N_T
IDENT(zero_scaled_n)
ASSIGN
CONS_N(0)
SCAL_VEC
IDENT(vn1)
SEMICOLON
VECTOR_F_T
IDENT(zero_scaled_f)
ASSIGN
CONS_F(0.000000)
SCAL_VEC
IDENT(vf1)
SEMICOLON
PRINT
LPAREN
IDENT(zero_scaled_n)
RPAREN
SEMICOLON
PRINT
LPAREN
IDENT(zero_scaled_f)
RPAREN
SEMICOLON
PRINT
LPAREN
DIM_VEC
IDENT(zero_vn)
RPAREN
SEMICOLON
PRINT
LPAREN
CONS_B(true)
RPAREN
SEMICOLON
VECTOR_F_T
IDENT(prom4)
ASSIGN
CONS_N(2)
SCAL_VEC
IDENT(vf1)
SEMICOLON
VECTOR_F_T
IDENT(prom5)
ASSIGN
CONS_F(2.500000)
SCAL_VEC
IDENT(vn1)
SEMICOLON
VECTOR_F_T
IDENT(prom6)
ASSIGN
CONS_F(1.500000)
SCAL_VEC
IDENT(vn1)
SEMICOLON
PRINT
LPAREN
IDENT(prom4)
RPAREN
SEMICOLON
PRINT
LPAREN
IDENT(prom5)
RPAREN
SEMICOLON
PRINT
LPAREN
IDENT(prom6)
RPAREN
SEMICOLON
VECTOR_F_T
IDENT(chain_op)
ASSIGN
LPAREN
CONS_F(1.500000)
SCAL_VEC
IDENT(vn1)
RPAREN
ADD_VEC
LPAREN
CONS_N(2)
SCAL_VEC
IDENT(vf1)
RPAREN
SEMICOLON
PRINT
LPAREN
IDENT(chain_op)
RPAREN
SEMICOLON
EOF
