MATRIX_N_T
IDENT(mat)
ASSIGN
INPUT
LPAREN
FNAME(mat1.txt)
RPAREN
SEMICOLON
PRINT
LPAREN
CONS_B(true)
RPAREN
SEMICOLON
PRINT
LPAREN
IDENT(mat)
RPAREN
SEMICOLON
MATRIX_N_T
IDENT(builtin_trans)
ASSIGN
TRP_MAT
IDENT(mat)
SEMICOLON
PRINT
LPAREN
IDENT(builtin_trans)
RPAREN
SEMICOLON
INT_T
IDENT(rows)
ASSIGN
DIM_VEC
LPAREN
IDENT(mat)
RPAREN
SEMICOLON
INT_T
IDENT(cols)
ASSIGN
DIM_VEC
LPAREN
IDENT(mat)
LSQUARE
CONS_N(0)
RSQUARE
RPAREN
SEMICOLON
MATRIX_N_T
IDENT(manual_trans)
ASSIGN
IDENT(cols)
DEF_MN
IDENT(rows)
SEMICOLON
PRINT
LPAREN
CONS_B(true)
RPAREN
SEMICOLON
PRINT
LPAREN
IDENT(manual_trans)
RPAREN
SEMICOLON
FOR
LPAREN
INT_T
IDENT(i)
ASSIGN
CONS_N(0)
SEMICOLON
IDENT(i)
LT
IDENT(rows)
SEMICOLON
IDENT(i)
ASSIGN
IDENT(i)
ADD
CONS_N(1)
SEMICOLON
RPAREN
LBRACE
FOR
LPAREN
INT_T
IDENT(j)
ASSIGN
CONS_N(0)
SEMICOLON
IDENT(j)
LT
IDENT(cols)
SEMICOLON
IDENT(j)
ASSIGN
IDENT(j)
ADD
CONS_N(1)
SEMICOLON
RPAREN
LBRACE
IDENT(manual_trans)
LSQUARE
IDENT(j)
RSQUARE
LSQUARE
IDENT(i)
RSQUARE
ASSIGN
IDENT(mat)
LSQUARE
IDENT(i)
RSQUARE
LSQUARE
IDENT(j)
RSQUARE
SEMICOLON
RBRACE
RBRACE
PRINT
LPAREN
CONS_B(true)
RPAREN
SEMICOLON
PRINT
LPAREN
IDENT(manual_trans)
RPAREN
SEMICOLON
EOF
