INT_T
IDENT(a)
ASSIGN
CONS_N(5)
SEMICOLON
FLOAT_T
IDENT(b)
ASSIGN
CONS_F(2.500000)
SEMICOLON
FLOAT_T
IDENT(c)
ASSIGN
IDENT(a)
MUL
IDENT(b)
SEMICOLON
PRINT
LPAREN
IDENT(c)
RPAREN
SEMICOLON
VECTOR_N_T
IDENT(v)
ASSIGN
CONS_VN(3 [1, 2, 3])
SEMICOLON
VECTOR_F_T
IDENT(scaled)
ASSIGN
CONS_F(2.500000)
SCAL_VEC
IDENT(v)
SEMICOLON
PRINT
LPAREN
IDENT(scaled)
RPAREN
SEMICOLON
MATRIX_N_T
IDENT(m)
ASSIGN
CONS_MN(2 2 [[1, 2], [3, 4]])
SEMICOLON
MATRIX_F_T
IDENT(m_scaled)
ASSIGN
CONS_F(0.500000)
SCAL_MAT
IDENT(m)
SEMICOLON
PRINT
LPAREN
IDENT(m_scaled)
RPAREN
SEMICOLON
BOOL_T
IDENT(cond)
ASSIGN
LPAREN
IDENT(a)
GT
CONS_N(3)
RPAREN
AND
LPAREN
IDENT(a)
LT
CONS_N(10)
RPAREN
SEMICOLON
PRINT
LPAREN
IDENT(cond)
RPAREN
SEMICOLON
EOF
