MATRIX_N_T
IDENT(A)
ASSIGN
CONS_MN(3 3 [[3, -2, 4], [1, 0, 2], [0, 1, 0]])
SEMICOLON
VECTOR_N_T
IDENT(b)
ASSIGN
CONS_VN(3 [1, 2, 3])
SEMICOLON
PRINT
LPAREN
IDENT(A)
RPAREN
SEMICOLON
PRINT
LPAREN
IDENT(b)
RPAREN
SEMICOLON
VECTOR_N_T
IDENT(result1)
ASSIGN
IDENT(A)
MAT_MUL_MAT
IDENT(b)
SEMICOLON
PRINT
LPAREN
IDENT(result1)
RPAREN
SEMICOLON
VECTOR_N_T
IDENT(c)
ASSIGN
CONS_VN(3 [2, 1, 3])
SEMICOLON
VECTOR_N_T
IDENT(result2)
ASSIGN
IDENT(c)
MAT_MUL_MAT
IDENT(A)
SEMICOLON
PRINT
LPAREN
IDENT(result2)
RPAREN
SEMICOLON
INT_T
IDENT(det_A)
ASSIGN
DET_MAT
IDENT(A)
SEMICOLON
PRINT
LPAREN
IDENT(det_A)
RPAREN
SEMICOLON
MATRIX_F_T
IDENT(A_inv)
ASSIGN
INV
IDENT(A)
SEMICOLON
PRINT
LPAREN
IDENT(A_inv)
RPAREN
SEMICOLON
MATRIX_F_T
IDENT(verify)
ASSIGN
IDENT(A)
MAT_MUL_MAT
IDENT(A_inv)
SEMICOLON
PRINT
LPAREN
IDENT(verify)
RPAREN
SEMICOLON
VECTOR_F_T
IDENT(b_f)
ASSIGN
CONS_VF(3 [1., 2., 3.])
SEMICOLON
VECTOR_F_T
IDENT(x)
ASSIGN
IDENT(A_inv)
MAT_MUL_MAT
IDENT(b_f)
SEMICOLON
PRINT
LPAREN
IDENT(x)
RPAREN
SEMICOLON
VECTOR_F_T
IDENT(verify_b)
ASSIGN
IDENT(A)
MAT_MUL_MAT
IDENT(x)
SEMICOLON
PRINT
LPAREN
IDENT(verify_b)
RPAREN
SEMICOLON
VECTOR_N_T
IDENT(v1)
ASSIGN
CONS_VN(3 [1, 2, 3])
SEMICOLON
VECTOR_N_T
IDENT(v2)
ASSIGN
CONS_VN(3 [4, 5, 6])
SEMICOLON
VECTOR_N_T
IDENT(v_sum)
ASSIGN
IDENT(v1)
ADD_VEC
IDENT(v2)
SEMICOLON
PRINT
LPAREN
IDENT(v_sum)
RPAREN
SEMICOLON
VECTOR_N_T
IDENT(v_scaled)
ASSIGN
CONS_N(2)
SCAL_VEC
IDENT(v1)
SEMICOLON
PRINT
LPAREN
IDENT(v_scaled)
RPAREN
SEMICOLON
INT_T
IDENT(dot)
ASSIGN
IDENT(v1)
DOT_PROD
IDENT(v2)
SEMICOLON
PRINT
LPAREN
IDENT(dot)
RPAREN
SEMICOLON
FLOAT_T
IDENT(mag)
ASSIGN
MAG_VEC
IDENT(v1)
SEMICOLON
PRINT
LPAREN
IDENT(mag)
RPAREN
SEMICOLON
FLOAT_T
IDENT(angle)
ASSIGN
IDENT(v1)
ANGLE_VEC
IDENT(v2)
SEMICOLON
PRINT
LPAREN
IDENT(angle)
RPAREN
SEMICOLON
MATRIX_N_T
IDENT(M1)
ASSIGN
CONS_MN(2 2 [[1, 2], [3, 4]])
SEMICOLON
MATRIX_N_T
IDENT(M2)
ASSIGN
CONS_MN(2 2 [[5, 6], [7, 8]])
SEMICOLON
MATRIX_N_T
IDENT(M_sum)
ASSIGN
IDENT(M1)
ADD_MAT
IDENT(M2)
SEMICOLON
PRINT
LPAREN
IDENT(M_sum)
RPAREN
SEMICOLON
MATRIX_N_T
IDENT(M_prod)
ASSIGN
IDENT(M1)
MAT_MUL_MAT
IDENT(M2)
SEMICOLON
PRINT
LPAREN
IDENT(M_prod)
RPAREN
SEMICOLON
MATRIX_N_T
IDENT(M_trans)
ASSIGN
TRP_MAT
IDENT(M1)
SEMICOLON
PRINT
LPAREN
IDENT(M_trans)
RPAREN
SEMICOLON
MATRIX_N_T
IDENT(file_matrix)
ASSIGN
INPUT
LPAREN
FNAME(foo.txt)
RPAREN
SEMICOLON
PRINT
LPAREN
CONS_B(true)
RPAREN
SEMICOLON
PRINT
LPAREN
IDENT(file_matrix)
RPAREN
SEMICOLON
VECTOR_F_T
IDENT(v)
ASSIGN
CONS_VF(3 [1., 1., 1.])
SEMICOLON
FLOAT_T
IDENT(prev_lambda)
ASSIGN
CONS_F(0.000000)
SEMICOLON
FLOAT_T
IDENT(lambda)
ASSIGN
CONS_F(0.000000)
SEMICOLON
INT_T
IDENT(max_iter)
ASSIGN
CONS_N(10)
SEMICOLON
INT_T
IDENT(i)
ASSIGN
CONS_N(0)
SEMICOLON
MATRIX_F_T
IDENT(unit_mat_f_3by3)
ASSIGN
CONS_MF(3 3 [[1., 0., 0.], [0., 1., 0.], [0., 0., 1.]])
SEMICOLON
MATRIX_F_T
IDENT(A_f)
ASSIGN
IDENT(A)
MAT_MUL_MAT
IDENT(unit_mat_f_3by3)
SEMICOLON
PRINT
LPAREN
IDENT(A_f)
RPAREN
SEMICOLON
EOF
