INT_T
IDENT(n)
ASSIGN
INPUT
LPAREN
RPAREN
SEMICOLON
INT_T
IDENT(a)
ASSIGN
CONS_N(0)
SEMICOLON
INT_T
IDENT(b)
ASSIGN
CONS_N(1)
SEMICOLON
INT_T
IDENT(i)
ASSIGN
CONS_N(2)
SEMICOLON
PRINT
LPAREN
IDENT(a)
RPAREN
SEMICOLON
PRINT
LPAREN
IDENT(b)
RPAREN
SEMICOLON
WHILE
IDENT(i)
LE
IDENT(n)
LBRACE
INT_T
IDENT(c)
ASSIGN
IDENT(a)
ADD
IDENT(b)
SEMICOLON
PRINT
LPAREN
IDENT(c)
RPAREN
SEMICOLON
IDENT(a)
ASSIGN
IDENT(b)
SEMICOLON
IDENT(b)
ASSIGN
IDENT(c)
SEMICOLON
IDENT(i)
ASSIGN
IDENT(i)
ADD
CONS_N(1)
SEMICOLON
RBRACE
EOF
