INT_T
IDENT(x)
ASSIGN
INPUT
LPAREN
RPAREN
SEMICOLON
IF
IDENT(x)
GT
CONS_N(0)
THEN
LBRACE
PRINT
LPAREN
IDENT(x)
MUL
IDENT(x)
RPAREN
SEMICOLON
RBRACE
ELSE
LBRACE
PRINT
LPAREN
IDENT(x)
MUL
IDENT(x)
MUL
IDENT(x)
RPAREN
SEMICOLON
RBRACE
VECTOR_N_T
IDENT(v)
ASSIGN
CONS_VN(3 [10, 12, 14])
SEMICOLON
INT_T
IDENT(i)
ASSIGN
INPUT
LPAREN
RPAREN
SEMICOLON
IF
LPAREN
IDENT(i)
GE
CONS_N(0)
AND
IDENT(i)
LT
DIM_VEC
IDENT(v)
RPAREN
THEN
LBRACE
PRINT
LPAREN
IDENT(v)
LSQUARE
IDENT(i)
RSQUARE
RPAREN
SEMICOLON
RBRACE
ELSE
LBRACE
PRINT
LPAREN
IDENT(i)
GE
DIM_VEC
IDENT(v)
QUESTION_MARK
CONS_N(1)
COLON
CONS_N(0)
RPAREN
SEMICOLON
RBRACE
EOF
