INT_T
IDENT(x)
ASSIGN
CONS_N(10)
SEMICOLON
INT_T
IDENT(y)
ASSIGN
CONS_N(5)
SEMICOLON
INT_T
IDENT(z)
ASSIGN
IDENT(x)
ADD
IDENT(y)
SEMICOLON
INT_T
IDENT(w)
ASSIGN
IDENT(y)
SUB
IDENT(x)
SEMICOLON
PRINT
LPAREN
IDENT(z)
RPAREN
SEMICOLON
PRINT
LPAREN
IDENT(w)
RPAREN
SEMICOLON
PRINT
LPAREN
ABS
LPAREN
IDENT(w)
RPAREN
RPAREN
SEMICOLON
FLOAT_T
IDENT(a)
ASSIGN
CONS_F(3.500000)
SEMICOLON
FLOAT_T
IDENT(b)
ASSIGN
CONS_F(2.000000)
SEMICOLON
FLOAT_T
IDENT(c)
ASSIGN
IDENT(a)
MUL
IDENT(b)
SEMICOLON
PRINT
LPAREN
IDENT(c)
RPAREN
SEMICOLON
BOOL_T
IDENT(flag)
ASSIGN
IDENT(x)
GT
IDENT(y)
SEMICOLON
PRINT
LPAREN
IDENT(flag)
RPAREN
SEMICOLON
EOF
