INT_T
IDENT(n)
ASSIGN
INPUT
LPAREN
RPAREN
SEMICOLON
IF
IDENT(n)
LT
CONS_N(0)
THEN
LBRACE
PRINT
LPAREN
CONS_B(false)
RPAREN
SEMICOLON
RBRACE
ELSE
LBRACE
INT_T
IDENT(a)
ASSIGN
CONS_N(0)
SEMICOLON
INT_T
IDENT(b)
ASSIGN
CONS_N(1)
SEMICOLON
PRINT
LPAREN
IDENT(a)
RPAREN
SEMICOLON
IF
IDENT(n)
GE
CONS_N(1)
THEN
LBRACE
PRINT
LPAREN
IDENT(b)
RPAREN
SEMICOLON
IF
IDENT(n)
GE
CONS_N(2)
THEN
LBRACE
INT_T
IDENT(i)
ASSIGN
CONS_N(2)
SEMICOLON
WHILE
IDENT(i)
LE
IDENT(n)
LBRACE
INT_T
IDENT(c)
ASSIGN
IDENT(a)
ADD
IDENT(b)
SEMICOLON
PRINT
LPAREN
IDENT(c)
RPAREN
SEMICOLON
IDENT(a)
ASSIGN
IDENT(b)
SEMICOLON
IDENT(b)
ASSIGN
IDENT(c)
SEMICOLON
IDENT(i)
ASSIGN
IDENT(i)
ADD
CONS_N(1)
SEMICOLON
RBRACE
RBRACE
RBRACE
RBRACE
EOF
