INT_T
IDENT(i)
ASSIGN
CONS_N(0)
SEMICOLON
WHILE
LPAREN
IDENT(i)
LT
CONS_N(10)
RPAREN
LBRACE
PRINT
LPAREN
IDENT(i)
RPAREN
SEMICOLON
IDENT(i)
ASSIGN
IDENT(i)
ADD
CONS_N(1)
SEMICOLON
RBRACE
IF
IDENT(i)
EQ
CONS_N(10)
THEN
LBRACE
PRINT
LPAREN
CONS_B(true)
RPAREN
SEMICOLON
IF
IDENT(i)
EQ
CONS_N(11)
THEN
LBRACE
PRINT
LPAREN
CONS_B(true)
RPAREN
SEMICOLON
RBRACE
ELSE
LBRACE
PRINT
LPAREN
CONS_B(false)
RPAREN
SEMICOLON
RBRACE
RBRACE
ELSE
LBRACE
PRINT
LPAREN
CONS_B(false)
RPAREN
SEMICOLON
RBRACE
FOR
LPAREN
INT_T
IDENT(j)
ASSIGN
CONS_N(0)
SEMICOLON
IDENT(j)
LT
CONS_N(5)
SEMICOLON
IDENT(j)
ASSIGN
IDENT(j)
ADD
CONS_N(1)
SEMICOLON
RPAREN
LBRACE
PRINT
LPAREN
IDENT(j)
MUL
IDENT(j)
RPAREN
SEMICOLON
RBRACE
EOF
