BOOL_T
IDENT(a)
ASSIGN
CONS_B(true)
AND
CONS_B(false)
OR
NOT
CONS_B(false)
SEMICOLON
BOOL_T
IDENT(b)
ASSIGN
LPAREN
CONS_B(true)
OR
CONS_B(false)
RPAREN
AND
LPAREN
NOT
LPAREN
CONS_B(true)
AND
CONS_B(false)
RPAREN
RPAREN
SEMICOLON
BOOL_T
IDENT(c)
ASSIGN
IDENT(a)
AND
IDENT(b)
SEMICOLON
BOOL_T
IDENT(d)
ASSIGN
LPAREN
CONS_B(true)
AND
CONS_B(false)
RPAREN
OR
LPAREN
CONS_B(false)
AND
CONS_B(true)
RPAREN
OR
LPAREN
CONS_B(true)
OR
CONS_B(false)
RPAREN
SEMICOLON
BOOL_T
IDENT(e)
ASSIGN
NOT
LPAREN
IDENT(a)
OR
IDENT(b)
RPAREN
AND
LPAREN
IDENT(c)
OR
IDENT(d)
RPAREN
SEMICOLON
PRINT
LPAREN
IDENT(a)
RPAREN
SEMICOLON
PRINT
LPAREN
IDENT(b)
RPAREN
SEMICOLON
PRINT
LPAREN
IDENT(c)
RPAREN
SEMICOLON
PRINT
LPAREN
IDENT(d)
RPAREN
SEMICOLON
PRINT
LPAREN
IDENT(e)
RPAREN
SEMICOLON
INT_T
IDENT(a)
ASSIGN
CONS_N(50)
SUB
CONS_N(10)
MUL
CONS_N(3)
ADD
CONS_N(4)
DIV
CONS_N(2)
SEMICOLON
INT_T
IDENT(b)
ASSIGN
LPAREN
CONS_N(100)
ADD
CONS_N(200)
RPAREN
DIV
LPAREN
CONS_N(5)
MUL
CONS_N(2)
RPAREN
SEMICOLON
INT_T
IDENT(c)
ASSIGN
CONS_N(17)
MODULO
CONS_N(5)
SEMICOLON
INT_T
IDENT(d)
ASSIGN
LPAREN
CONS_N(25)
MODULO
CONS_N(7)
RPAREN
MUL
CONS_N(3)
SEMICOLON
INT_T
IDENT(e)
ASSIGN
CONS_N(10)
ADD
CONS_N(3)
MUL
CONS_N(2)
SUB
CONS_N(8)
DIV
CONS_N(4)
SEMICOLON
INT_T
IDENT(f)
ASSIGN
LPAREN
CONS_N(10)
SUB
CONS_N(5)
RPAREN
MUL
LPAREN
CONS_N(4)
ADD
CONS_N(2)
RPAREN
DIV
CONS_N(3)
SEMICOLON
PRINT
LPAREN
IDENT(a)
RPAREN
SEMICOLON
PRINT
LPAREN
IDENT(b)
RPAREN
SEMICOLON
PRINT
LPAREN
IDENT(c)
RPAREN
SEMICOLON
PRINT
LPAREN
IDENT(d)
RPAREN
SEMICOLON
PRINT
LPAREN
IDENT(e)
RPAREN
SEMICOLON
PRINT
LPAREN
IDENT(f)
RPAREN
SEMICOLON
FLOAT_T
IDENT(p)
ASSIGN
CONS_F(10.500000)
ADD
CONS_F(2.500000)
MUL
CONS_F(3.000000)
SUB
CONS_F(4.000000)
DIV
CONS_F(2.000000)
SEMICOLON
FLOAT_T
IDENT(q)
ASSIGN
LPAREN
CONS_F(5.000000)
ADD
CONS_F(3.000000)
RPAREN
DIV
LPAREN
CONS_F(2.000000)
MUL
CONS_F(4.000000)
RPAREN
SEMICOLON
FLOAT_T
IDENT(r)
ASSIGN
CONS_F(3.000000)
MUL
LPAREN
CONS_F(2.000000)
ADD
CONS_F(5.000000)
RPAREN
DIV
CONS_F(3.000000)
SEMICOLON
FLOAT_T
IDENT(s)
ASSIGN
CONS_F(1.500000)
MUL
CONS_F(4.000000)
ADD
CONS_F(2.000000)
DIV
CONS_F(0.500000)
SEMICOLON
FLOAT_T
IDENT(t)
ASSIGN
CONS_F(7.500000)
SUB
CONS_F(2.500000)
MUL
CONS_F(2.000000)
ADD
CONS_F(3.000000)
DIV
CONS_F(1.500000)
SEMICOLON
PRINT
LPAREN
IDENT(p)
RPAREN
SEMICOLON
PRINT
LPAREN
IDENT(q)
RPAREN
SEMICOLON
PRINT
LPAREN
IDENT(r)
RPAREN
SEMICOLON
PRINT
LPAREN
IDENT(s)
RPAREN
SEMICOLON
PRINT
LPAREN
IDENT(t)
RPAREN
SEMICOLON
EOF
