PRINT
LPAREN
CONS_B(true)
RPAREN
SEMICOLON
MATRIX_N_T
IDENT(mn1)
ASSIGN
CONS_MN(2 2 [[1, 2], [3, 4]])
SEMICOLON
MATRIX_N_T
IDENT(mn2)
ASSIGN
CONS_MN(2 2 [[5, 6], [7, 8]])
SEMICOLON
MATRIX_N_T
IDENT(sum_mn)
ASSIGN
IDENT(mn1)
ADD_MAT
IDENT(mn2)
SEMICOLON
MATRIX_N_T
IDENT(prod_mn)
ASSIGN
IDENT(mn1)
MAT_MUL_MAT
IDENT(mn2)
SEMICOLON
MATRIX_N_T
IDENT(transp_mn)
ASSIGN
TRP_MAT
IDENT(mn1)
SEMICOLON
INT_T
IDENT(det_mn)
ASSIGN
DET_MAT
IDENT(mn1)
SEMICOLON
MATRIX_N_T
IDENT(scal_mn1)
ASSIGN
CONS_N(2)
SCAL_MAT
IDENT(mn1)
SEMICOLON
MATRIX_N_T
IDENT(scal_mn2)
ASSIGN
CONS_N(3)
SCAL_MAT
IDENT(mn1)
SEMICOLON
MATRIX_N_T
IDENT(def_mn_ex)
ASSIGN
CONS_N(3)
DEF_MN
CONS_N(3)
SEMICOLON
PRINT
LPAREN
IDENT(sum_mn)
RPAREN
SEMICOLON
PRINT
LPAREN
IDENT(prod_mn)
RPAREN
SEMICOLON
PRINT
LPAREN
IDENT(transp_mn)
RPAREN
SEMICOLON
PRINT
LPAREN
IDENT(det_mn)
RPAREN
SEMICOLON
PRINT
LPAREN
IDENT(scal_mn1)
RPAREN
SEMICOLON
PRINT
LPAREN
IDENT(scal_mn2)
RPAREN
SEMICOLON
PRINT
LPAREN
IDENT(def_mn_ex)
RPAREN
SEMICOLON
PRINT
LPAREN
CONS_B(true)
RPAREN
SEMICOLON
MATRIX_F_T
IDENT(mf1)
ASSIGN
CONS_MF(2 2 [[1.5, 2.5], [3.5, 4.5]])
SEMICOLON
MATRIX_F_T
IDENT(mf2)
ASSIGN
CONS_MF(2 2 [[5., 6.], [7., 8.]])
SEMICOLON
MATRIX_F_T
IDENT(sum_mf)
ASSIGN
IDENT(mf1)
ADD_MAT
IDENT(mf2)
SEMICOLON
MATRIX_F_T
IDENT(prod_mf)
ASSIGN
IDENT(mf1)
MAT_MUL_MAT
IDENT(mf2)
SEMICOLON
MATRIX_F_T
IDENT(transp_mf)
ASSIGN
TRP_MAT
IDENT(mf1)
SEMICOLON
FLOAT_T
IDENT(det_mf)
ASSIGN
DET_MAT
IDENT(mf1)
SEMICOLON
MATRIX_F_T
IDENT(inv_mf)
ASSIGN
INV
IDENT(mf1)
SEMICOLON
MATRIX_F_T
IDENT(scal_mf1)
ASSIGN
CONS_F(1.500000)
SCAL_MAT
IDENT(mf1)
SEMICOLON
MATRIX_F_T
IDENT(scal_mf2)
ASSIGN
CONS_F(0.500000)
SCAL_MAT
IDENT(mf1)
SEMICOLON
MATRIX_F_T
IDENT(def_mf_ex)
ASSIGN
CONS_N(4)
DEF_MF
CONS_N(4)
SEMICOLON
PRINT
LPAREN
IDENT(sum_mf)
RPAREN
SEMICOLON
PRINT
LPAREN
IDENT(prod_mf)
RPAREN
SEMICOLON
PRINT
LPAREN
IDENT(transp_mf)
RPAREN
SEMICOLON
PRINT
LPAREN
IDENT(det_mf)
RPAREN
SEMICOLON
PRINT
LPAREN
IDENT(inv_mf)
RPAREN
SEMICOLON
PRINT
LPAREN
IDENT(scal_mf1)
RPAREN
SEMICOLON
PRINT
LPAREN
IDENT(scal_mf2)
RPAREN
SEMICOLON
PRINT
LPAREN
IDENT(def_mf_ex)
RPAREN
SEMICOLON
PRINT
LPAREN
CONS_B(true)
RPAREN
SEMICOLON
MATRIX_F_T
IDENT(prom_add)
ASSIGN
IDENT(mn1)
ADD_MAT
IDENT(mf1)
SEMICOLON
MATRIX_F_T
IDENT(prom_scal)
ASSIGN
CONS_F(1.500000)
SCAL_MAT
IDENT(mn1)
SEMICOLON
MATRIX_F_T
IDENT(prom_mul)
ASSIGN
IDENT(mn1)
MAT_MUL_MAT
IDENT(mf2)
SEMICOLON
PRINT
LPAREN
IDENT(prom_add)
RPAREN
SEMICOLON
PRINT
LPAREN
IDENT(prom_scal)
RPAREN
SEMICOLON
PRINT
LPAREN
IDENT(prom_mul)
RPAREN
SEMICOLON
PRINT
LPAREN
CONS_B(true)
RPAREN
SEMICOLON
MATRIX_N_T
IDENT(zero_matrix_n)
ASSIGN
CONS_N(3)
DEF_MN
CONS_N(3)
SEMICOLON
MATRIX_F_T
IDENT(zero_matrix_f)
ASSIGN
CONS_N(3)
DEF_MF
CONS_N(3)
SEMICOLON
MATRIX_N_T
IDENT(zero_scaled_n)
ASSIGN
CONS_N(-10)
SCAL_MAT
IDENT(zero_matrix_n)
SEMICOLON
MATRIX_F_T
IDENT(zero_scaled_f)
ASSIGN
CONS_N(-10)
SCAL_MAT
IDENT(zero_matrix_f)
SEMICOLON
PRINT
LPAREN
IDENT(zero_matrix_n)
RPAREN
SEMICOLON
PRINT
LPAREN
IDENT(zero_matrix_f)
RPAREN
SEMICOLON
PRINT
LPAREN
IDENT(zero_scaled_n)
RPAREN
SEMICOLON
PRINT
LPAREN
IDENT(zero_scaled_f)
RPAREN
SEMICOLON
PRINT
LPAREN
CONS_B(true)
RPAREN
SEMICOLON
MATRIX_F_T
IDENT(chain_op)
ASSIGN
LPAREN
IDENT(mn1)
ADD_MAT
IDENT(mf1)
RPAREN
MAT_MUL_MAT
LPAREN
CONS_F(-0.500000)
SCAL_MAT
IDENT(mf2)
RPAREN
SEMICOLON
PRINT
LPAREN
IDENT(chain_op)
RPAREN
SEMICOLON
EOF
