MATRIX_N_T
IDENT(mat1)
ASSIGN
CONS_MN(3 2 [[1, 2], [3, 4], [5, 6]])
SEMICOLON
MATRIX_N_T
IDENT(mat2)
ASSIGN
CONS_MN(3 2 [[7, 8], [9, 10], [11, 12]])
SEMICOLON
MATRIX_N_T
IDENT(sum_mat)
ASSIGN
ADD_MAT
LPAREN
IDENT(mat1)
COMMA
IDENT(mat2)
RPAREN
SEMICOLON
MATRIX_N_T
IDENT(scaled_mat)
ASSIGN
SCAL_MAT
LPAREN
CONS_N(2)
COMMA
IDENT(mat1)
RPAREN
SEMICOLON
MATRIX_N_T
IDENT(transposed_mat)
ASSIGN
TRP_MAT
LPAREN
IDENT(mat1)
RPAREN
SEMICOLON
FLOAT_T
IDENT(determinant)
ASSIGN
DET_MAT
LPAREN
IDENT(mat1)
RPAREN
SEMICOLON
PRINT
LPAREN
IDENT(sum_mat)
RPAREN
SEMICOLON
PRINT
LPAREN
IDENT(scaled_mat)
RPAREN
SEMICOLON
PRINT
LPAREN
IDENT(transposed_mat)
RPAREN
SEMICOLON
PRINT
LPAREN
IDENT(determinant)
RPAREN
SEMICOLON
MATRIX_N_T
IDENT(product_mat)
ASSIGN
IDENT(mul_m)
LPAREN
IDENT(mat1)
COMMA
TRP_MAT
LPAREN
IDENT(mat2)
RPAREN
RPAREN
SEMICOLON
MATRIX_N_T
IDENT(identity)
ASSIGN
CONS_MN(2 2 [[1, 0], [0, 1]])
SEMICOLON
MATRIX_N_T
IDENT(result)
ASSIGN
IDENT(mul_m)
LPAREN
IDENT(identity)
COMMA
IDENT(mat1)
RPAREN
SEMICOLON
PRINT
LPAREN
IDENT(product_mat)
RPAREN
SEMICOLON
PRINT
LPAREN
IDENT(result)
RPAREN
SEMICOLON
EOF
