VECTOR_N_T
IDENT(vec)
ASSIGN
CONS_VN(5 [10, 20, 30, 40, 50])
SEMICOLON
PRINT
LPAREN
IDENT(vec)
RPAREN
SEMICOLON
INT_T
IDENT(first)
ASSIGN
IDENT(vec)
LSQUARE
CONS_N(0)
RSQUARE
SEMICOLON
PRINT
LPAREN
IDENT(first)
RPAREN
SEMICOLON
IDENT(vec)
LSQUARE
CONS_N(1)
RSQUARE
ASSIGN
CONS_N(27)
SEMICOLON
PRINT
LPAREN
IDENT(vec)
RPAREN
SEMICOLON
INT_T
IDENT(last)
ASSIGN
IDENT(vec)
LSQUARE
CONS_N(4)
RSQUARE
SEMICOLON
PRINT
LPAREN
IDENT(last)
RPAREN
SEMICOLON
MATRIX_N_T
IDENT(mat)
ASSIGN
CONS_MN(3 3 [[1, 2, 3], [4, 5, 6], [7, 8, 9]])
SEMICOLON
PRINT
LPAREN
IDENT(mat)
RPAREN
SEMICOLON
VECTOR_N_T
IDENT(row2)
ASSIGN
IDENT(mat)
LSQUARE
CONS_N(1)
RSQUARE
SEMICOLON
PRINT
LPAREN
IDENT(row2)
RPAREN
SEMICOLON
IDENT(mat)
LSQUARE
CONS_N(0)
RSQUARE
ASSIGN
CONS_VN(3 [10, 11, 12])
SEMICOLON
PRINT
LPAREN
IDENT(mat)
RPAREN
SEMICOLON
INT_T
IDENT(top_right)
ASSIGN
IDENT(mat)
LSQUARE
CONS_N(0)
RSQUARE
LSQUARE
CONS_N(2)
RSQUARE
SEMICOLON
PRINT
LPAREN
IDENT(top_right)
RPAREN
SEMICOLON
IDENT(mat)
LSQUARE
CONS_N(2)
RSQUARE
LSQUARE
CONS_N(1)
RSQUARE
ASSIGN
CONS_N(88)
SEMICOLON
PRINT
LPAREN
IDENT(mat)
LSQUARE
CONS_N(2)
RSQUARE
RPAREN
SEMICOLON
PRINT
LPAREN
IDENT(mat)
RPAREN
SEMICOLON
VECTOR_N_T
IDENT(single_element_vec)
ASSIGN
CONS_VN(1 [100])
SEMICOLON
PRINT
LPAREN
IDENT(single_element_vec)
LSQUARE
CONS_N(0)
RSQUARE
RPAREN
SEMICOLON
MATRIX_N_T
IDENT(wide_mat)
ASSIGN
CONS_MN(2 4 [[1, 2, 3, 4], [5, 6, 7, 8]])
SEMICOLON
VECTOR_N_T
IDENT(extract_col)
ASSIGN
CONS_VN(4 [0, 0, 0, 1])
SEMICOLON
VECTOR_N_T
IDENT(last_col)
ASSIGN
IDENT(wide_mat)
MAT_MUL_MAT
IDENT(extract_col)
SEMICOLON
PRINT
LPAREN
IDENT(last_col)
RPAREN
SEMICOLON
EOF
