INT_T
IDENT(x)
ASSIGN
CONS_N(10)
SEMICOLON
PRINT
LPAREN
IDENT(x)
RPAREN
SEMICOLON
LBRACE
INT_T
IDENT(x)
ASSIGN
CONS_N(20)
SEMICOLON
PRINT
LPAREN
IDENT(x)
RPAREN
SEMICOLON
LBRACE
INT_T
IDENT(x)
ASSIGN
CONS_N(30)
SEMICOLON
PRINT
LPAREN
IDENT(x)
RPAREN
SEMICOLON
IF
IDENT(x)
GT
CONS_N(25)
THEN
LBRACE
INT_T
IDENT(y)
ASSIGN
CONS_N(40)
SEMICOLON
PRINT
LPAREN
IDENT(y)
RPAREN
SEMICOLON
RBRACE
ELSE
LBRACE
INT_T
IDENT(y)
ASSIGN
CONS_N(50)
SEMICOLON
PRINT
LPAREN
IDENT(y)
RPAREN
SEMICOLON
RBRACE
RBRACE
PRINT
LPAREN
IDENT(x)
RPAREN
SEMICOLON
RBRACE
PRINT
LPAREN
IDENT(x)
RPAREN
SEMICOLON
EOF
