INT_T
IDENT(x)
ASSIGN
CONS_N(10)
SEMICOLON
INT_T
IDENT(y)
ASSIGN
CONS_N(5)
SEMICOLON
INT_T
IDENT(z)
ASSIGN
IDENT(x)
ADD
IDENT(y)
MUL
CONS_N(2)
SEMICOLON
FLOAT_T
IDENT(a)
ASSIGN
CONS_F(3.140000)
SEMICOLON
FLOAT_T
IDENT(b)
ASSIGN
IDENT(a)
MUL
CONS_F(2.000000)
SEMICOLON
PRINT
LPAREN
IDENT(x)
RPAREN
SEMICOLON
PRINT
LPAREN
IDENT(y)
RPAREN
SEMICOLON
PRINT
LPAREN
IDENT(z)
RPAREN
SEMICOLON
PRINT
LPAREN
IDENT(a)
RPAREN
SEMICOLON
PRINT
LPAREN
IDENT(b)
RPAREN
SEMICOLON
WHILE
LPAREN
IDENT(x)
GT
CONS_N(0)
RPAREN
LBRACE
PRINT
LPAREN
IDENT(x)
RPAREN
SEMICOLON
IDENT(x)
ASSIGN
IDENT(x)
SUB
CONS_N(1)
SEMICOLON
RBRACE
FOR
LPAREN
INT_T
IDENT(i)
ASSIGN
CONS_N(1)
SEMICOLON
IDENT(i)
LE
CONS_N(5)
SEMICOLON
IDENT(i)
ASSIGN
IDENT(i)
ADD
CONS_N(1)
SEMICOLON
RPAREN
LBRACE
PRINT
LPAREN
IDENT(i)
RPAREN
SEMICOLON
RBRACE
FOR
LPAREN
INT_T
IDENT(i)
ASSIGN
CONS_N(1)
SEMICOLON
IDENT(i)
LE
CONS_N(3)
SEMICOLON
IDENT(i)
ASSIGN
IDENT(i)
ADD
CONS_N(1)
SEMICOLON
RPAREN
LBRACE
FOR
LPAREN
INT_T
IDENT(j)
ASSIGN
CONS_N(1)
SEMICOLON
IDENT(j)
LE
CONS_N(3)
SEMICOLON
IDENT(j)
ASSIGN
IDENT(j)
ADD
CONS_N(1)
SEMICOLON
RPAREN
LBRACE
PRINT
LPAREN
IDENT(i)
MUL
IDENT(j)
RPAREN
SEMICOLON
RBRACE
RBRACE
VECTOR_N_T
IDENT(v1)
ASSIGN
CONS_VN(3 [1, 2, 3])
SEMICOLON
VECTOR_N_T
IDENT(v2)
ASSIGN
CONS_VN(3 [4, 5, 6])
SEMICOLON
VECTOR_N_T
IDENT(v3)
ASSIGN
IDENT(v1)
ADD_VEC
IDENT(v2)
SEMICOLON
PRINT
LPAREN
IDENT(v3)
RPAREN
SEMICOLON
INT_T
IDENT(dotProduct)
ASSIGN
IDENT(v1)
DOT_PROD
IDENT(v2)
SEMICOLON
PRINT
LPAREN
IDENT(dotProduct)
RPAREN
SEMICOLON
FLOAT_T
IDENT(magnitude)
ASSIGN
MAG_VEC
IDENT(v1)
SEMICOLON
PRINT
LPAREN
IDENT(magnitude)
RPAREN
SEMICOLON
MATRIX_N_T
IDENT(m1)
ASSIGN
CONS_MN(2 2 [[1, 2], [3, 4]])
SEMICOLON
MATRIX_N_T
IDENT(m2)
ASSIGN
CONS_MN(2 2 [[5, 6], [7, 8]])
SEMICOLON
MATRIX_N_T
IDENT(m3)
ASSIGN
IDENT(m1)
ADD_MAT
IDENT(m2)
SEMICOLON
PRINT
LPAREN
IDENT(m3)
RPAREN
SEMICOLON
MATRIX_N_T
IDENT(m4)
ASSIGN
IDENT(m1)
MAT_MUL_MAT
IDENT(m2)
SEMICOLON
PRINT
LPAREN
IDENT(m4)
RPAREN
SEMICOLON
MATRIX_N_T
IDENT(transposed)
ASSIGN
TRP_MAT
IDENT(m1)
SEMICOLON
PRINT
LPAREN
IDENT(transposed)
RPAREN
SEMICOLON
INT_T
IDENT(scope_test)
ASSIGN
CONS_N(100)
SEMICOLON
LBRACE
INT_T
IDENT(scope_test)
ASSIGN
CONS_N(200)
SEMICOLON
PRINT
LPAREN
IDENT(scope_test)
RPAREN
SEMICOLON
LBRACE
INT_T
IDENT(scope_test)
ASSIGN
CONS_N(300)
SEMICOLON
PRINT
LPAREN
IDENT(scope_test)
RPAREN
SEMICOLON
RBRACE
PRINT
LPAREN
IDENT(scope_test)
RPAREN
SEMICOLON
RBRACE
PRINT
LPAREN
IDENT(scope_test)
RPAREN
SEMICOLON
EOF
