MATRIX_N_T
IDENT(mat1)
ASSIGN
CONS_MN(2 3 [[1, 2, 3], [4, 5, 6]])
SEMICOLON
VECTOR_N_T
IDENT(vec1)
ASSIGN
CONS_VN(3 [7, 8, 9])
SEMICOLON
VECTOR_N_T
IDENT(res1)
ASSIGN
IDENT(mat1)
MAT_MUL_MAT
IDENT(vec1)
SEMICOLON
PRINT
LPAREN
IDENT(res1)
RPAREN
SEMICOLON
MATRIX_F_T
IDENT(mat2)
ASSIGN
CONS_MF(3 2 [[1.5, 2.5], [3.5, 4.5], [5.5, 6.5]])
SEMICOLON
VECTOR_F_T
IDENT(vec2)
ASSIGN
CONS_VF(2 [2., 3.])
SEMICOLON
VECTOR_F_T
IDENT(res2)
ASSIGN
IDENT(mat2)
MAT_MUL_MAT
IDENT(vec2)
SEMICOLON
PRINT
LPAREN
IDENT(res2)
RPAREN
SEMICOLON
MATRIX_N_T
IDENT(mat3)
ASSIGN
CONS_MN(3 3 [[1, 0, 0], [0, 1, 0], [0, 0, 1]])
SEMICOLON
VECTOR_F_T
IDENT(vec3)
ASSIGN
CONS_VF(3 [2.5, 3.5, 4.5])
SEMICOLON
VECTOR_F_T
IDENT(res3)
ASSIGN
IDENT(mat3)
MAT_MUL_MAT
IDENT(vec3)
SEMICOLON
PRINT
LPAREN
IDENT(res3)
RPAREN
SEMICOLON
MATRIX_F_T
IDENT(mat4)
ASSIGN
CONS_MF(2 2 [[1.5, 2.5], [3.5, 4.5]])
SEMICOLON
VECTOR_N_T
IDENT(vec4)
ASSIGN
CONS_VN(2 [2, 3])
SEMICOLON
VECTOR_F_T
IDENT(res4)
ASSIGN
IDENT(mat4)
MAT_MUL_MAT
IDENT(vec4)
SEMICOLON
PRINT
LPAREN
IDENT(res4)
RPAREN
SEMICOLON
VECTOR_N_T
IDENT(vec5)
ASSIGN
CONS_VN(2 [2, 3])
SEMICOLON
MATRIX_N_T
IDENT(mat5)
ASSIGN
CONS_MN(2 3 [[1, 2, 3], [4, 5, 6]])
SEMICOLON
VECTOR_N_T
IDENT(res5)
ASSIGN
IDENT(vec5)
MAT_MUL_MAT
IDENT(mat5)
SEMICOLON
PRINT
LPAREN
IDENT(res5)
RPAREN
SEMICOLON
MATRIX_N_T
IDENT(identity)
ASSIGN
CONS_N(3)
DEF_MN
CONS_N(3)
SEMICOLON
IDENT(identity)
LSQUARE
CONS_N(0)
RSQUARE
LSQUARE
CONS_N(0)
RSQUARE
ASSIGN
CONS_N(1)
SEMICOLON
IDENT(identity)
LSQUARE
CONS_N(1)
RSQUARE
LSQUARE
CONS_N(1)
RSQUARE
ASSIGN
CONS_N(1)
SEMICOLON
IDENT(identity)
LSQUARE
CONS_N(2)
RSQUARE
LSQUARE
CONS_N(2)
RSQUARE
ASSIGN
CONS_N(1)
SEMICOLON
PRINT
LPAREN
IDENT(identity)
RPAREN
SEMICOLON
VECTOR_N_T
IDENT(vec6)
ASSIGN
CONS_VN(3 [5, 6, 7])
SEMICOLON
VECTOR_N_T
IDENT(res6)
ASSIGN
IDENT(identity)
MAT_MUL_MAT
IDENT(vec6)
SEMICOLON
PRINT
LPAREN
IDENT(res6)
RPAREN
SEMICOLON
MATRIX_N_T
IDENT(mat7)
ASSIGN
CONS_MN(2 2 [[1, 2], [3, 4]])
SEMICOLON
VECTOR_N_T
IDENT(zero_vec)
ASSIGN
DEF_VN
CONS_N(2)
SEMICOLON
VECTOR_N_T
IDENT(res7)
ASSIGN
IDENT(mat7)
MAT_MUL_MAT
IDENT(zero_vec)
SEMICOLON
PRINT
LPAREN
IDENT(res7)
RPAREN
SEMICOLON
EOF
