INT_T
IDENT(x)
ASSIGN
CONS_N(10)
SEMICOLON
INT_T
IDENT(y)
ASSIGN
CONS_N(5)
SEMICOLON
INT_T
IDENT(z)
ASSIGN
CONS_N(2)
SEMICOLON
INT_T
IDENT(result1)
ASSIGN
IDENT(x)
ADD
IDENT(y)
MUL
IDENT(z)
SEMICOLON
PRINT
LPAREN
IDENT(result1)
RPAREN
SEMICOLON
INT_T
IDENT(result2)
ASSIGN
LPAREN
IDENT(x)
ADD
IDENT(y)
RPAREN
MUL
IDENT(z)
SEMICOLON
PRINT
LPAREN
IDENT(result2)
RPAREN
SEMICOLON
INT_T
IDENT(a)
ASSIGN
CONS_N(20)
SEMICOLON
INT_T
IDENT(b)
ASSIGN
CONS_N(4)
SEMICOLON
INT_T
IDENT(c)
ASSIGN
CONS_N(2)
SEMICOLON
INT_T
IDENT(d)
ASSIGN
CONS_N(8)
SEMICOLON
INT_T
IDENT(result3)
ASSIGN
IDENT(a)
DIV
IDENT(b)
MUL
IDENT(c)
SEMICOLON
PRINT
LPAREN
IDENT(result3)
RPAREN
SEMICOLON
INT_T
IDENT(result4)
ASSIGN
IDENT(a)
SUB
IDENT(b)
ADD
IDENT(c)
SEMICOLON
PRINT
LPAREN
IDENT(result4)
RPAREN
SEMICOLON
INT_T
IDENT(result5)
ASSIGN
IDENT(a)
ADD
IDENT(b)
MUL
IDENT(c)
DIV
IDENT(d)
SUB
IDENT(z)
SEMICOLON
PRINT
LPAREN
IDENT(result5)
RPAREN
SEMICOLON
INT_T
IDENT(result6)
ASSIGN
LPAREN
IDENT(a)
ADD
IDENT(b)
RPAREN
MUL
LPAREN
IDENT(c)
ADD
IDENT(d)
RPAREN
DIV
LPAREN
IDENT(z)
ADD
CONS_N(1)
RPAREN
SEMICOLON
PRINT
LPAREN
IDENT(result6)
RPAREN
SEMICOLON
INT_T
IDENT(result7)
ASSIGN
IDENT(a)
MODULO
IDENT(b)
SEMICOLON
PRINT
LPAREN
IDENT(result7)
RPAREN
SEMICOLON
INT_T
IDENT(result8)
ASSIGN
IDENT(a)
MODULO
IDENT(c)
SEMICOLON
PRINT
LPAREN
IDENT(result8)
RPAREN
SEMICOLON
INT_T
IDENT(result9)
ASSIGN
IDENT(a)
MODULO
LPAREN
IDENT(b)
SUB
CONS_N(1)
RPAREN
SEMICOLON
PRINT
LPAREN
IDENT(result9)
RPAREN
SEMICOLON
INT_T
IDENT(result10)
ASSIGN
SUB
IDENT(a)
ADD
IDENT(b)
MUL
IDENT(c)
SEMICOLON
PRINT
LPAREN
IDENT(result10)
RPAREN
SEMICOLON
FLOAT_T
IDENT(f1)
ASSIGN
CONS_F(5.500000)
SEMICOLON
FLOAT_T
IDENT(result11)
ASSIGN
IDENT(f1)
MUL
IDENT(y)
DIV
IDENT(z)
SEMICOLON
PRINT
LPAREN
IDENT(result11)
RPAREN
SEMICOLON
BOOL_T
IDENT(condition)
ASSIGN
LPAREN
IDENT(a)
GT
IDENT(b)
RPAREN
AND
LPAREN
IDENT(c)
LT
IDENT(d)
RPAREN
SEMICOLON
PRINT
LPAREN
IDENT(condition)
RPAREN
SEMICOLON
EOF
