MATRIX_N_T
IDENT(mat)
ASSIGN
INPUT
LPAREN
FNAME(mat2.txt)
RPAREN
SEMICOLON
PRINT
LPAREN
CONS_B(true)
RPAREN
SEMICOLON
PRINT
LPAREN
IDENT(mat)
RPAREN
SEMICOLON
MATRIX_F_T
IDENT(builtin_inv)
ASSIGN
INV
IDENT(mat)
SEMICOLON
PRINT
LPAREN
CONS_B(true)
RPAREN
SEMICOLON
PRINT
LPAREN
IDENT(builtin_inv)
RPAREN
SEMICOLON
INT_T
IDENT(rows)
ASSIGN
DIM_VEC
LPAREN
IDENT(mat)
RPAREN
SEMICOLON
INT_T
IDENT(cols)
ASSIGN
DIM_VEC
LPAREN
IDENT(mat)
LSQUARE
CONS_N(0)
RSQUARE
RPAREN
SEMICOLON
PRINT
LPAREN
CONS_B(true)
RPAREN
SEMICOLON
PRINT
LPAREN
IDENT(rows)
RPAREN
SEMICOLON
PRINT
LPAREN
IDENT(cols)
RPAREN
SEMICOLON
IF
IDENT(rows)
NEQ
IDENT(cols)
THEN
LBRACE
PRINT
LPAREN
CONS_B(false)
RPAREN
SEMICOLON
RBRACE
ELSE
LBRACE
PRINT
LPAREN
CONS_B(true)
RPAREN
SEMICOLON
INT_T
IDENT(det)
ASSIGN
DET_MAT
IDENT(mat)
SEMICOLON
PRINT
LPAREN
IDENT(det)
RPAREN
SEMICOLON
IF
IDENT(det)
EQ
CONS_N(0)
THEN
LBRACE
PRINT
LPAREN
CONS_B(false)
RPAREN
SEMICOLON
RBRACE
ELSE
LBRACE
PRINT
LPAREN
CONS_B(true)
RPAREN
SEMICOLON
MATRIX_F_T
IDENT(cofactors)
ASSIGN
IDENT(cols)
DEF_MF
IDENT(rows)
SEMICOLON
FOR
LPAREN
INT_T
IDENT(i)
ASSIGN
CONS_N(0)
SEMICOLON
IDENT(i)
LT
IDENT(rows)
SEMICOLON
IDENT(i)
ASSIGN
IDENT(i)
ADD
CONS_N(1)
SEMICOLON
RPAREN
LBRACE
FOR
LPAREN
INT_T
IDENT(j)
ASSIGN
CONS_N(0)
SEMICOLON
IDENT(j)
LT
IDENT(rows)
SEMICOLON
IDENT(j)
ASSIGN
IDENT(j)
ADD
CONS_N(1)
SEMICOLON
RPAREN
LBRACE
MATRIX_N_T
IDENT(minor)
ASSIGN
LPAREN
IDENT(cols)
SUB
CONS_N(1)
RPAREN
DEF_MN
LPAREN
IDENT(rows)
SUB
CONS_N(1)
RPAREN
SEMICOLON
INT_T
IDENT(minor_row)
ASSIGN
CONS_N(0)
SEMICOLON
FOR
LPAREN
INT_T
IDENT(x)
ASSIGN
CONS_N(0)
SEMICOLON
IDENT(x)
LT
IDENT(rows)
SEMICOLON
IDENT(x)
ASSIGN
IDENT(x)
ADD
CONS_N(1)
SEMICOLON
RPAREN
LBRACE
IF
IDENT(x)
NEQ
IDENT(i)
THEN
LBRACE
INT_T
IDENT(minor_col)
ASSIGN
CONS_N(0)
SEMICOLON
FOR
LPAREN
INT_T
IDENT(y)
ASSIGN
CONS_N(0)
SEMICOLON
IDENT(y)
LT
IDENT(rows)
SEMICOLON
IDENT(y)
ASSIGN
IDENT(y)
ADD
CONS_N(1)
SEMICOLON
RPAREN
LBRACE
IF
IDENT(y)
NEQ
IDENT(j)
THEN
LBRACE
IDENT(minor)
LSQUARE
IDENT(minor_row)
RSQUARE
LSQUARE
IDENT(minor_col)
RSQUARE
ASSIGN
IDENT(mat)
LSQUARE
IDENT(x)
RSQUARE
LSQUARE
IDENT(y)
RSQUARE
SEMICOLON
IDENT(minor_col)
ASSIGN
IDENT(minor_col)
ADD
CONS_N(1)
SEMICOLON
RBRACE
RBRACE
IDENT(minor_row)
ASSIGN
IDENT(minor_row)
ADD
CONS_N(1)
SEMICOLON
RBRACE
RBRACE
FLOAT_T
IDENT(sign)
ASSIGN
LPAREN
LPAREN
IDENT(i)
ADD
IDENT(j)
RPAREN
MODULO
CONS_N(2)
EQ
CONS_N(0)
RPAREN
QUESTION_MARK
CONS_F(1.000000)
COLON
CONS_F(-1.000000)
SEMICOLON
IDENT(cofactors)
LSQUARE
IDENT(i)
RSQUARE
LSQUARE
IDENT(j)
RSQUARE
ASSIGN
IDENT(sign)
MUL
LPAREN
DET_MAT
IDENT(minor)
RPAREN
SEMICOLON
RBRACE
RBRACE
MATRIX_F_T
IDENT(adjugate)
ASSIGN
TRP_MAT
IDENT(cofactors)
SEMICOLON
PRINT
LPAREN
CONS_B(true)
RPAREN
SEMICOLON
PRINT
LPAREN
IDENT(adjugate)
RPAREN
SEMICOLON
MATRIX_F_T
IDENT(manual_inv)
ASSIGN
LPAREN
CONS_F(1.000000)
DIV
IDENT(det)
RPAREN
SCAL_MAT
IDENT(adjugate)
SEMICOLON
PRINT
LPAREN
CONS_B(true)
RPAREN
SEMICOLON
PRINT
LPAREN
IDENT(manual_inv)
RPAREN
SEMICOLON
RBRACE
RBRACE
EOF
