Parsing successful!
Parsed program:
integer x := 10
integer y := 5
integer z := (x + (y * 2))
float a := 3.14
float b := (a * 2.)
print(x)
print(y)
print(z)
print(a)
print(b)
while (x > 0) {
print(x)
x := (x - 1)
}
for (integer i := 1; (i <= 5); i := (i + 1)) {
print(i)
}
for (integer i := 1; (i <= 3); i := (i + 1)) {
for (integer j := 1; (j <= 3); j := (j + 1)) {
print((i * j))
}
}
integer_vector v1 := 3 [1, 2, 3]
integer_vector v2 := 3 [4, 5, 6]
integer_vector v3 := (v1 add_v v2)
print(v3)
integer dotProduct := (v1 dot_prod v2)
print(dotProduct)
float magnitude := (mag_v v1)
print(magnitude)
integer_matrix m1 := 2 2 [[1, 2], [3, 4]]
integer_matrix m2 := 2 2 [[5, 6], [7, 8]]
integer_matrix m3 := (m1 add_m m2)
print(m3)
integer_matrix m4 := (m1 mat_mul m2)
print(m4)
integer_matrix transposed := (trp_mat m1)
print(transposed)
integer scope_test := 100
{
integer scope_test := 200
print(scope_test)
{
integer scope_test := 300
print(scope_test)
}
print(scope_test)
}
print(scope_test)

Executing program...
10
5
20
3.140000
6.280000
10
9
8
7
6
5
4
3
2
1
1
2
3
4
5
1
2
3
2
4
6
3
6
9
3 [5, 7, 9]
32
3.741657
2 2 [[6, 8], [10, 12]]
2 2 [[19, 22], [43, 50]]
2 2 [[1, 3], [2, 4]]
200
300
200
100
Program execution completed successfully.
