Parsing successful!
Parsed program:
integer_matrix mat1 := 2 3 [[1, 2, 3], [4, 5, 6]]
integer_vector vec1 := 3 [7, 8, 9]
integer_vector res1 := (mat1 mat_mul vec1)
print(res1)
float_matrix mat2 := 3 2 [[1.5, 2.5], [3.5, 4.5], [5.5, 6.5]]
float_vector vec2 := 2 [2., 3.]
float_vector res2 := (mat2 mat_mul vec2)
print(res2)
integer_matrix mat3 := 3 3 [[1, 0, 0], [0, 1, 0], [0, 0, 1]]
float_vector vec3 := 3 [2.5, 3.5, 4.5]
float_vector res3 := (mat3 mat_mul vec3)
print(res3)
float_matrix mat4 := 2 2 [[1.5, 2.5], [3.5, 4.5]]
integer_vector vec4 := 2 [2, 3]
float_vector res4 := (mat4 mat_mul vec4)
print(res4)
integer_vector vec5 := 2 [2, 3]
integer_matrix mat5 := 2 3 [[1, 2, 3], [4, 5, 6]]
integer_vector res5 := (vec5 mat_mul mat5)
print(res5)
integer_matrix identity := (3 def_mn 3)
identity[0][0] := 1
identity[1][1] := 1
identity[2][2] := 1
print(identity)
integer_vector vec6 := 3 [5, 6, 7]
integer_vector res6 := (identity mat_mul vec6)
print(res6)
integer_matrix mat7 := 2 2 [[1, 2], [3, 4]]
integer_vector zero_vec := (def_vn 2)
integer_vector res7 := (mat7 mat_mul zero_vec)
print(res7)

Executing program...
2 [50, 122]
3 [10.5, 20.5, 30.5]
3 [2.5, 3.5, 4.5]
2 [10.5, 20.5]
3 [14, 19, 24]
3 3 [[1, 0, 0], [0, 1, 0], [0, 0, 1]]
3 [5, 6, 7]
2 [0, 0]
Program execution completed successfully.
