INT_T
IDENT(x)
ASSIGN
CONS_N(5)
SEMICOLON
INT_T
IDENT(y)
ASSIGN
CONS_N(10)
SEMICOLON
MATRIX_N_T
IDENT(mat)
ASSIGN
2 2 [[1, 2], [3, 4]]
SEMICOLON
IF
LPAREN
IDENT(x)
LT
IDENT(y)
RPAREN
LBRACE
PRINT
LPAREN
IDENT(x)
RPAREN
SEMICOLON
RBRACE
ELSE
LBRACE
PRINT
LPAREN
IDENT(y)
RPAREN
SEMICOLON
RBRACE
INT_T
IDENT(i)
ASSIGN
CONS_N(0)
SEMICOLON
WHILE
LPAREN
IDENT(i)
LT
CONS_N(5)
RPAREN
LBRACE
PRINT
IDENT(i)
SEMICOLON
IDENT(i)
ASSIGN
IDENT(i)
ADD
CONS_N(1)
SEMICOLON
RBRACE
FOR
LPAREN
INT_T
IDENT(j)
ASSIGN
CONS_N(0)
SEMICOLON
IDENT(j)
LT
CONS_N(3)
SEMICOLON
IDENT(j)
ASSIGN
IDENT(j)
ADD
CONS_N(1)
RPAREN
LBRACE
PRINT
LPAREN
IDENT(j)
RPAREN
SEMICOLON
RBRACE
INT_T
IDENT(a)
ASSIGN
CONS_N(0)
SEMICOLON
INT_T
IDENT(b)
ASSIGN
CONS_N(1)
SEMICOLON
IF
LPAREN
DET_MAT
LPAREN
IDENT(mat)
RPAREN
NEQ
CONS_N(0)
RPAREN
LBRACE
PRINT
LPAREN
IDENT(b)
RPAREN
SEMICOLON
RBRACE
ELSE
LBRACE
PRINT
LPAREN
IDENT(a)
RPAREN
SEMICOLON
RBRACE
RETURN
IDENT(x)
ADD
IDENT(y)
SEMICOLON
